<?xml version="1.0" encoding="UTF-8"?>
<!-- Generated by org.testng.reporters.JUnitReportReporter -->
<testsuite hostname="DESKTOP-M42QSF9" failures="0" tests="1" name="com.crm.TestCase.TC_01" time="12.332" errors="0" timestamp="2025-03-02T14:03:04 IST" skipped="0">
  <testcase classname="com.crm.TestCase.TC_01" name="newAccount" time="12.332"/>
</testsuite> <!-- com.crm.TestCase.TC_01 -->
