<?xml version="1.0" encoding="UTF-8"?>
<!-- Generated by org.testng.reporters.JUnitReportReporter -->
<testsuite hostname="DESKTOP-M42QSF9" failures="0" tests="1" name="com.crm.TestCase.TC_07" time="62.697" errors="0" timestamp="2025-03-02T14:02:05 IST" skipped="0">
  <testcase classname="com.crm.TestCase.TC_07" name="testCase_7" time="62.697">
    <system-out>
      <![CDATA[Iam in Vtiger Home Page...!]]>
    </system-out>
  </testcase> <!-- testCase_7 -->
  <system-out>
    <![CDATA[onstart
Iam in Vtiger Home Page...!]]>
  </system-out>
</testsuite> <!-- com.crm.TestCase.TC_07 -->
